{"C:\\Users\\USUARIO\\JALA\\GIT\\AT17\\katas\\args\\jorge\\parseFunctions.js": {"path":"C:\\Users\\USUARIO\\JALA\\GIT\\AT17\\katas\\args\\jorge\\parseFunctions.js","statementMap":{"0":{"start":{"line":3,"column":8},"end":{"line":3,"column":25}},"1":{"start":{"line":7,"column":28},"end":{"line":7,"column":48}},"2":{"start":{"line":8,"column":21},"end":{"line":8,"column":48}},"3":{"start":{"line":10,"column":8},"end":{"line":14,"column":9}},"4":{"start":{"line":11,"column":12},"end":{"line":11,"column":44}},"5":{"start":{"line":13,"column":12},"end":{"line":13,"column":26}},"6":{"start":{"line":19,"column":17},"end":{"line":19,"column":19}},"7":{"start":{"line":21,"column":4},"end":{"line":51,"column":5}},"8":{"start":{"line":21,"column":17},"end":{"line":21,"column":18}},"9":{"start":{"line":22,"column":8},"end":{"line":24,"column":9}},"10":{"start":{"line":23,"column":12},"end":{"line":23,"column":33}},"11":{"start":{"line":26,"column":8},"end":{"line":30,"column":9}},"12":{"start":{"line":27,"column":12},"end":{"line":29,"column":13}},"13":{"start":{"line":28,"column":16},"end":{"line":28,"column":45}},"14":{"start":{"line":32,"column":8},"end":{"line":36,"column":9}},"15":{"start":{"line":33,"column":12},"end":{"line":35,"column":13}},"16":{"start":{"line":34,"column":16},"end":{"line":34,"column":45}},"17":{"start":{"line":38,"column":8},"end":{"line":43,"column":9}},"18":{"start":{"line":39,"column":28},"end":{"line":39,"column":51}},"19":{"start":{"line":40,"column":12},"end":{"line":42,"column":13}},"20":{"start":{"line":41,"column":16},"end":{"line":41,"column":42}},"21":{"start":{"line":45,"column":8},"end":{"line":50,"column":9}},"22":{"start":{"line":46,"column":28},"end":{"line":46,"column":51}},"23":{"start":{"line":47,"column":12},"end":{"line":49,"column":13}},"24":{"start":{"line":48,"column":16},"end":{"line":48,"column":42}},"25":{"start":{"line":52,"column":4},"end":{"line":52,"column":25}},"26":{"start":{"line":57,"column":15},"end":{"line":57,"column":19}},"27":{"start":{"line":59,"column":4},"end":{"line":65,"column":5}},"28":{"start":{"line":59,"column":17},"end":{"line":59,"column":18}},"29":{"start":{"line":60,"column":8},"end":{"line":64,"column":9}},"30":{"start":{"line":61,"column":12},"end":{"line":61,"column":32}},"31":{"start":{"line":63,"column":12},"end":{"line":63,"column":25}},"32":{"start":{"line":66,"column":4},"end":{"line":66,"column":16}},"33":{"start":{"line":70,"column":15},"end":{"line":70,"column":19}},"34":{"start":{"line":72,"column":4},"end":{"line":78,"column":5}},"35":{"start":{"line":72,"column":17},"end":{"line":72,"column":18}},"36":{"start":{"line":73,"column":8},"end":{"line":77,"column":9}},"37":{"start":{"line":74,"column":12},"end":{"line":74,"column":32}},"38":{"start":{"line":76,"column":12},"end":{"line":76,"column":25}},"39":{"start":{"line":80,"column":4},"end":{"line":80,"column":16}}},"fnMap":{"0":{"name":"(anonymous_0)","decl":{"start":{"line":2,"column":4},"end":{"line":2,"column":5}},"loc":{"start":{"line":2,"column":22},"end":{"line":4,"column":5}},"line":2},"1":{"name":"(anonymous_1)","decl":{"start":{"line":6,"column":4},"end":{"line":6,"column":5}},"loc":{"start":{"line":6,"column":11},"end":{"line":15,"column":5}},"line":6},"2":{"name":"verifyString","decl":{"start":{"line":18,"column":16},"end":{"line":18,"column":28}},"loc":{"start":{"line":18,"column":36},"end":{"line":53,"column":1}},"line":18},"3":{"name":"isArrayString","decl":{"start":{"line":56,"column":16},"end":{"line":56,"column":29}},"loc":{"start":{"line":56,"column":37},"end":{"line":67,"column":1}},"line":56},"4":{"name":"isArrayNumber","decl":{"start":{"line":69,"column":16},"end":{"line":69,"column":29}},"loc":{"start":{"line":69,"column":37},"end":{"line":81,"column":1}},"line":69}},"branchMap":{"0":{"loc":{"start":{"line":10,"column":8},"end":{"line":14,"column":9}},"type":"if","locations":[{"start":{"line":10,"column":8},"end":{"line":14,"column":9}},{"start":{"line":12,"column":15},"end":{"line":14,"column":9}}],"line":10},"1":{"loc":{"start":{"line":22,"column":8},"end":{"line":24,"column":9}},"type":"if","locations":[{"start":{"line":22,"column":8},"end":{"line":24,"column":9}},{"start":{},"end":{}}],"line":22},"2":{"loc":{"start":{"line":26,"column":8},"end":{"line":30,"column":9}},"type":"if","locations":[{"start":{"line":26,"column":8},"end":{"line":30,"column":9}},{"start":{},"end":{}}],"line":26},"3":{"loc":{"start":{"line":26,"column":12},"end":{"line":26,"column":57}},"type":"binary-expr","locations":[{"start":{"line":26,"column":12},"end":{"line":26,"column":28}},{"start":{"line":26,"column":32},"end":{"line":26,"column":57}}],"line":26},"4":{"loc":{"start":{"line":27,"column":12},"end":{"line":29,"column":13}},"type":"if","locations":[{"start":{"line":27,"column":12},"end":{"line":29,"column":13}},{"start":{},"end":{}}],"line":27},"5":{"loc":{"start":{"line":32,"column":8},"end":{"line":36,"column":9}},"type":"if","locations":[{"start":{"line":32,"column":8},"end":{"line":36,"column":9}},{"start":{},"end":{}}],"line":32},"6":{"loc":{"start":{"line":32,"column":12},"end":{"line":32,"column":57}},"type":"binary-expr","locations":[{"start":{"line":32,"column":12},"end":{"line":32,"column":28}},{"start":{"line":32,"column":32},"end":{"line":32,"column":57}}],"line":32},"7":{"loc":{"start":{"line":33,"column":12},"end":{"line":35,"column":13}},"type":"if","locations":[{"start":{"line":33,"column":12},"end":{"line":35,"column":13}},{"start":{},"end":{}}],"line":33},"8":{"loc":{"start":{"line":38,"column":8},"end":{"line":43,"column":9}},"type":"if","locations":[{"start":{"line":38,"column":8},"end":{"line":43,"column":9}},{"start":{},"end":{}}],"line":38},"9":{"loc":{"start":{"line":38,"column":12},"end":{"line":38,"column":57}},"type":"binary-expr","locations":[{"start":{"line":38,"column":12},"end":{"line":38,"column":28}},{"start":{"line":38,"column":32},"end":{"line":38,"column":57}}],"line":38},"10":{"loc":{"start":{"line":40,"column":12},"end":{"line":42,"column":13}},"type":"if","locations":[{"start":{"line":40,"column":12},"end":{"line":42,"column":13}},{"start":{},"end":{}}],"line":40},"11":{"loc":{"start":{"line":45,"column":8},"end":{"line":50,"column":9}},"type":"if","locations":[{"start":{"line":45,"column":8},"end":{"line":50,"column":9}},{"start":{},"end":{}}],"line":45},"12":{"loc":{"start":{"line":45,"column":12},"end":{"line":45,"column":57}},"type":"binary-expr","locations":[{"start":{"line":45,"column":12},"end":{"line":45,"column":28}},{"start":{"line":45,"column":32},"end":{"line":45,"column":57}}],"line":45},"13":{"loc":{"start":{"line":47,"column":12},"end":{"line":49,"column":13}},"type":"if","locations":[{"start":{"line":47,"column":12},"end":{"line":49,"column":13}},{"start":{},"end":{}}],"line":47},"14":{"loc":{"start":{"line":60,"column":8},"end":{"line":64,"column":9}},"type":"if","locations":[{"start":{"line":60,"column":8},"end":{"line":64,"column":9}},{"start":{"line":62,"column":15},"end":{"line":64,"column":9}}],"line":60},"15":{"loc":{"start":{"line":61,"column":19},"end":{"line":61,"column":31}},"type":"binary-expr","locations":[{"start":{"line":61,"column":19},"end":{"line":61,"column":23}},{"start":{"line":61,"column":27},"end":{"line":61,"column":31}}],"line":61},"16":{"loc":{"start":{"line":73,"column":8},"end":{"line":77,"column":9}},"type":"if","locations":[{"start":{"line":73,"column":8},"end":{"line":77,"column":9}},{"start":{"line":75,"column":15},"end":{"line":77,"column":9}}],"line":73},"17":{"loc":{"start":{"line":74,"column":19},"end":{"line":74,"column":31}},"type":"binary-expr","locations":[{"start":{"line":74,"column":19},"end":{"line":74,"column":23}},{"start":{"line":74,"column":27},"end":{"line":74,"column":31}}],"line":74}},"s":{"0":3,"1":2,"2":2,"3":2,"4":1,"5":1,"6":9,"7":9,"8":9,"9":19,"10":3,"11":19,"12":1,"13":1,"14":19,"15":1,"16":1,"17":19,"18":3,"19":3,"20":3,"21":19,"22":2,"23":2,"24":1,"25":9,"26":5,"27":5,"28":5,"29":15,"30":14,"31":1,"32":4,"33":4,"34":4,"35":4,"36":10,"37":8,"38":2,"39":2},"f":{"0":3,"1":2,"2":9,"3":5,"4":4},"b":{"0":[1,1],"1":[3,16],"2":[1,18],"3":[19,1],"4":[1,0],"5":[1,18],"6":[19,2],"7":[1,0],"8":[3,16],"9":[19,4],"10":[3,0],"11":[2,17],"12":[19,2],"13":[1,1],"14":[14,1],"15":[14,14],"16":[8,2],"17":[8,8]},"_coverageSchema":"1a1c01bbd47fc00a2c39e90264f33305004495a9","hash":"d00defa961286c5f9968c7194a867d2585ec194a"}
,"C:\\Users\\USUARIO\\JALA\\GIT\\AT17\\katas\\langtonant\\christian\\matrix.js": {"path":"C:\\Users\\USUARIO\\JALA\\GIT\\AT17\\katas\\langtonant\\christian\\matrix.js","statementMap":{"0":{"start":{"line":4,"column":14},"end":{"line":4,"column":29}},"1":{"start":{"line":5,"column":4},"end":{"line":10,"column":5}},"2":{"start":{"line":5,"column":17},"end":{"line":5,"column":18}},"3":{"start":{"line":6,"column":8},"end":{"line":6,"column":33}},"4":{"start":{"line":7,"column":8},"end":{"line":9,"column":9}},"5":{"start":{"line":7,"column":21},"end":{"line":7,"column":22}},"6":{"start":{"line":8,"column":12},"end":{"line":8,"column":26}},"7":{"start":{"line":11,"column":4},"end":{"line":11,"column":15}},"8":{"start":{"line":15,"column":4},"end":{"line":21,"column":5}},"9":{"start":{"line":15,"column":17},"end":{"line":15,"column":18}},"10":{"start":{"line":16,"column":23},"end":{"line":16,"column":25}},"11":{"start":{"line":17,"column":8},"end":{"line":19,"column":9}},"12":{"start":{"line":17,"column":21},"end":{"line":17,"column":22}},"13":{"start":{"line":18,"column":12},"end":{"line":18,"column":41}},"14":{"start":{"line":20,"column":8},"end":{"line":20,"column":30}}},"fnMap":{"0":{"name":"make2DArray","decl":{"start":{"line":3,"column":16},"end":{"line":3,"column":27}},"loc":{"start":{"line":3,"column":34},"end":{"line":12,"column":1}},"line":3},"1":{"name":"printMatrix","decl":{"start":{"line":14,"column":16},"end":{"line":14,"column":27}},"loc":{"start":{"line":14,"column":34},"end":{"line":22,"column":1}},"line":14}},"branchMap":{},"s":{"0":2,"1":2,"2":2,"3":8,"4":8,"5":8,"6":34,"7":2,"8":0,"9":0,"10":0,"11":0,"12":0,"13":0,"14":0},"f":{"0":2,"1":0},"b":{},"_coverageSchema":"1a1c01bbd47fc00a2c39e90264f33305004495a9","hash":"0895b832cd6cef9972204389ebc0b031773d1d2a"}
,"C:\\Users\\USUARIO\\JALA\\GIT\\AT17\\katas\\langtonant\\christian\\movements.js": {"path":"C:\\Users\\USUARIO\\JALA\\GIT\\AT17\\katas\\langtonant\\christian\\movements.js","statementMap":{"0":{"start":{"line":10,"column":12},"end":{"line":10,"column":13}},"1":{"start":{"line":11,"column":15},"end":{"line":11,"column":16}},"2":{"start":{"line":12,"column":14},"end":{"line":12,"column":15}},"3":{"start":{"line":13,"column":14},"end":{"line":13,"column":15}},"4":{"start":{"line":18,"column":4},"end":{"line":18,"column":29}},"5":{"start":{"line":19,"column":4},"end":{"line":19,"column":29}},"6":{"start":{"line":20,"column":4},"end":{"line":20,"column":29}},"7":{"start":{"line":21,"column":4},"end":{"line":21,"column":16}},"8":{"start":{"line":27,"column":4},"end":{"line":27,"column":10}},"9":{"start":{"line":28,"column":4},"end":{"line":30,"column":5}},"10":{"start":{"line":29,"column":8},"end":{"line":29,"column":20}},"11":{"start":{"line":34,"column":4},"end":{"line":34,"column":10}},"12":{"start":{"line":35,"column":4},"end":{"line":37,"column":5}},"13":{"start":{"line":36,"column":8},"end":{"line":36,"column":22}},"14":{"start":{"line":43,"column":4},"end":{"line":51,"column":5}},"15":{"start":{"line":44,"column":8},"end":{"line":44,"column":12}},"16":{"start":{"line":45,"column":11},"end":{"line":51,"column":5}},"17":{"start":{"line":46,"column":8},"end":{"line":46,"column":12}},"18":{"start":{"line":47,"column":11},"end":{"line":51,"column":5}},"19":{"start":{"line":48,"column":8},"end":{"line":48,"column":12}},"20":{"start":{"line":49,"column":11},"end":{"line":51,"column":5}},"21":{"start":{"line":50,"column":8},"end":{"line":50,"column":12}},"22":{"start":{"line":53,"column":4},"end":{"line":57,"column":5}},"23":{"start":{"line":54,"column":8},"end":{"line":54,"column":14}},"24":{"start":{"line":55,"column":11},"end":{"line":57,"column":5}},"25":{"start":{"line":56,"column":8},"end":{"line":56,"column":21}},"26":{"start":{"line":58,"column":4},"end":{"line":62,"column":5}},"27":{"start":{"line":59,"column":8},"end":{"line":59,"column":14}},"28":{"start":{"line":60,"column":11},"end":{"line":62,"column":5}},"29":{"start":{"line":61,"column":8},"end":{"line":61,"column":21}},"30":{"start":{"line":67,"column":4},"end":{"line":77,"column":5}},"31":{"start":{"line":67,"column":17},"end":{"line":67,"column":18}},"32":{"start":{"line":68,"column":20},"end":{"line":68,"column":30}},"33":{"start":{"line":69,"column":8},"end":{"line":75,"column":9}},"34":{"start":{"line":70,"column":12},"end":{"line":70,"column":24}},"35":{"start":{"line":71,"column":12},"end":{"line":71,"column":29}},"36":{"start":{"line":72,"column":15},"end":{"line":75,"column":9}},"37":{"start":{"line":73,"column":12},"end":{"line":73,"column":23}},"38":{"start":{"line":74,"column":12},"end":{"line":74,"column":28}},"39":{"start":{"line":76,"column":8},"end":{"line":76,"column":32}},"40":{"start":{"line":81,"column":4},"end":{"line":81,"column":24}},"41":{"start":{"line":85,"column":4},"end":{"line":85,"column":24}}},"fnMap":{"0":{"name":"init","decl":{"start":{"line":17,"column":16},"end":{"line":17,"column":20}},"loc":{"start":{"line":17,"column":27},"end":{"line":22,"column":1}},"line":17},"1":{"name":"turnRight","decl":{"start":{"line":26,"column":16},"end":{"line":26,"column":25}},"loc":{"start":{"line":26,"column":28},"end":{"line":31,"column":1}},"line":26},"2":{"name":"turnLeft","decl":{"start":{"line":33,"column":16},"end":{"line":33,"column":24}},"loc":{"start":{"line":33,"column":27},"end":{"line":38,"column":1}},"line":33},"3":{"name":"moveForward","decl":{"start":{"line":42,"column":9},"end":{"line":42,"column":20}},"loc":{"start":{"line":42,"column":33},"end":{"line":63,"column":1}},"line":42},"4":{"name":"move","decl":{"start":{"line":66,"column":16},"end":{"line":66,"column":20}},"loc":{"start":{"line":66,"column":34},"end":{"line":78,"column":1}},"line":66},"5":{"name":"isWhite","decl":{"start":{"line":80,"column":16},"end":{"line":80,"column":23}},"loc":{"start":{"line":80,"column":31},"end":{"line":82,"column":1}},"line":80},"6":{"name":"isBlack","decl":{"start":{"line":84,"column":16},"end":{"line":84,"column":23}},"loc":{"start":{"line":84,"column":31},"end":{"line":86,"column":1}},"line":84}},"branchMap":{"0":{"loc":{"start":{"line":28,"column":4},"end":{"line":30,"column":5}},"type":"if","locations":[{"start":{"line":28,"column":4},"end":{"line":30,"column":5}},{"start":{},"end":{}}],"line":28},"1":{"loc":{"start":{"line":35,"column":4},"end":{"line":37,"column":5}},"type":"if","locations":[{"start":{"line":35,"column":4},"end":{"line":37,"column":5}},{"start":{},"end":{}}],"line":35},"2":{"loc":{"start":{"line":43,"column":4},"end":{"line":51,"column":5}},"type":"if","locations":[{"start":{"line":43,"column":4},"end":{"line":51,"column":5}},{"start":{"line":45,"column":11},"end":{"line":51,"column":5}}],"line":43},"3":{"loc":{"start":{"line":45,"column":11},"end":{"line":51,"column":5}},"type":"if","locations":[{"start":{"line":45,"column":11},"end":{"line":51,"column":5}},{"start":{"line":47,"column":11},"end":{"line":51,"column":5}}],"line":45},"4":{"loc":{"start":{"line":47,"column":11},"end":{"line":51,"column":5}},"type":"if","locations":[{"start":{"line":47,"column":11},"end":{"line":51,"column":5}},{"start":{"line":49,"column":11},"end":{"line":51,"column":5}}],"line":47},"5":{"loc":{"start":{"line":49,"column":11},"end":{"line":51,"column":5}},"type":"if","locations":[{"start":{"line":49,"column":11},"end":{"line":51,"column":5}},{"start":{},"end":{}}],"line":49},"6":{"loc":{"start":{"line":53,"column":4},"end":{"line":57,"column":5}},"type":"if","locations":[{"start":{"line":53,"column":4},"end":{"line":57,"column":5}},{"start":{"line":55,"column":11},"end":{"line":57,"column":5}}],"line":53},"7":{"loc":{"start":{"line":55,"column":11},"end":{"line":57,"column":5}},"type":"if","locations":[{"start":{"line":55,"column":11},"end":{"line":57,"column":5}},{"start":{},"end":{}}],"line":55},"8":{"loc":{"start":{"line":58,"column":4},"end":{"line":62,"column":5}},"type":"if","locations":[{"start":{"line":58,"column":4},"end":{"line":62,"column":5}},{"start":{"line":60,"column":11},"end":{"line":62,"column":5}}],"line":58},"9":{"loc":{"start":{"line":60,"column":11},"end":{"line":62,"column":5}},"type":"if","locations":[{"start":{"line":60,"column":11},"end":{"line":62,"column":5}},{"start":{},"end":{}}],"line":60},"10":{"loc":{"start":{"line":69,"column":8},"end":{"line":75,"column":9}},"type":"if","locations":[{"start":{"line":69,"column":8},"end":{"line":75,"column":9}},{"start":{"line":72,"column":15},"end":{"line":75,"column":9}}],"line":69},"11":{"loc":{"start":{"line":72,"column":15},"end":{"line":75,"column":9}},"type":"if","locations":[{"start":{"line":72,"column":15},"end":{"line":75,"column":9}},{"start":{},"end":{}}],"line":72}},"s":{"0":2,"1":2,"2":2,"3":2,"4":2,"5":2,"6":2,"7":2,"8":5,"9":5,"10":1,"11":1,"12":1,"13":1,"14":6,"15":1,"16":5,"17":2,"18":3,"19":1,"20":2,"21":2,"22":6,"23":0,"24":6,"25":0,"26":6,"27":0,"28":6,"29":0,"30":2,"31":2,"32":6,"33":6,"34":5,"35":5,"36":1,"37":1,"38":1,"39":6,"40":8,"41":3},"f":{"0":2,"1":5,"2":1,"3":6,"4":2,"5":8,"6":3},"b":{"0":[1,4],"1":[1,0],"2":[1,5],"3":[2,3],"4":[1,2],"5":[2,0],"6":[0,6],"7":[0,6],"8":[0,6],"9":[0,6],"10":[5,1],"11":[1,0]},"_coverageSchema":"1a1c01bbd47fc00a2c39e90264f33305004495a9","hash":"2d16d93c7409b73c7af7977ae4f54a16a7433156"}
,"C:\\Users\\USUARIO\\JALA\\GIT\\AT17\\katas\\langtonant\\jhon\\board.js": {"path":"C:\\Users\\USUARIO\\JALA\\GIT\\AT17\\katas\\langtonant\\jhon\\board.js","statementMap":{"0":{"start":{"line":3,"column":8},"end":{"line":3,"column":35}},"1":{"start":{"line":4,"column":8},"end":{"line":4,"column":35}},"2":{"start":{"line":5,"column":8},"end":{"line":5,"column":42}},"3":{"start":{"line":9,"column":18},"end":{"line":9,"column":36}},"4":{"start":{"line":10,"column":18},"end":{"line":10,"column":36}},"5":{"start":{"line":11,"column":8},"end":{"line":13,"column":9}},"6":{"start":{"line":11,"column":21},"end":{"line":11,"column":22}},"7":{"start":{"line":12,"column":12},"end":{"line":12,"column":41}},"8":{"start":{"line":14,"column":8},"end":{"line":14,"column":29}},"9":{"start":{"line":15,"column":8},"end":{"line":15,"column":26}},"10":{"start":{"line":19,"column":18},"end":{"line":19,"column":27}},"11":{"start":{"line":20,"column":18},"end":{"line":20,"column":27}},"12":{"start":{"line":21,"column":8},"end":{"line":25,"column":9}},"13":{"start":{"line":21,"column":21},"end":{"line":21,"column":22}},"14":{"start":{"line":22,"column":12},"end":{"line":24,"column":13}},"15":{"start":{"line":22,"column":25},"end":{"line":22,"column":26}},"16":{"start":{"line":23,"column":16},"end":{"line":23,"column":39}}},"fnMap":{"0":{"name":"(anonymous_0)","decl":{"start":{"line":2,"column":4},"end":{"line":2,"column":5}},"loc":{"start":{"line":2,"column":30},"end":{"line":6,"column":5}},"line":2},"1":{"name":"(anonymous_1)","decl":{"start":{"line":8,"column":4},"end":{"line":8,"column":5}},"loc":{"start":{"line":8,"column":18},"end":{"line":16,"column":5}},"line":8},"2":{"name":"(anonymous_2)","decl":{"start":{"line":18,"column":4},"end":{"line":18,"column":5}},"loc":{"start":{"line":18,"column":28},"end":{"line":26,"column":5}},"line":18}},"branchMap":{},"s":{"0":9,"1":9,"2":9,"3":9,"4":9,"5":9,"6":9,"7":45,"8":9,"9":9,"10":9,"11":9,"12":9,"13":9,"14":45,"15":45,"16":225},"f":{"0":9,"1":9,"2":9},"b":{},"_coverageSchema":"1a1c01bbd47fc00a2c39e90264f33305004495a9","hash":"4792e8098bf4e9c9853675cf08bc0e827afcf211"}
,"C:\\Users\\USUARIO\\JALA\\GIT\\AT17\\katas\\langtonant\\jhon\\langtonant.js": {"path":"C:\\Users\\USUARIO\\JALA\\GIT\\AT17\\katas\\langtonant\\jhon\\langtonant.js","statementMap":{"0":{"start":{"line":4,"column":8},"end":{"line":4,"column":47}},"1":{"start":{"line":5,"column":8},"end":{"line":5,"column":47}},"2":{"start":{"line":6,"column":8},"end":{"line":6,"column":29}},"3":{"start":{"line":7,"column":8},"end":{"line":7,"column":59}},"4":{"start":{"line":11,"column":22},"end":{"line":11,"column":31}},"5":{"start":{"line":12,"column":8},"end":{"line":37,"column":9}},"6":{"start":{"line":13,"column":24},"end":{"line":13,"column":25}},"7":{"start":{"line":14,"column":12},"end":{"line":34,"column":13}},"8":{"start":{"line":15,"column":24},"end":{"line":15,"column":38}},"9":{"start":{"line":16,"column":24},"end":{"line":16,"column":38}},"10":{"start":{"line":17,"column":16},"end":{"line":33,"column":17}},"11":{"start":{"line":18,"column":20},"end":{"line":30,"column":21}},"12":{"start":{"line":19,"column":24},"end":{"line":19,"column":47}},"13":{"start":{"line":20,"column":24},"end":{"line":20,"column":41}},"14":{"start":{"line":21,"column":24},"end":{"line":21,"column":41}},"15":{"start":{"line":22,"column":24},"end":{"line":22,"column":42}},"16":{"start":{"line":23,"column":24},"end":{"line":23,"column":32}},"17":{"start":{"line":25,"column":24},"end":{"line":25,"column":47}},"18":{"start":{"line":26,"column":24},"end":{"line":26,"column":40}},"19":{"start":{"line":27,"column":24},"end":{"line":27,"column":41}},"20":{"start":{"line":28,"column":24},"end":{"line":28,"column":42}},"21":{"start":{"line":29,"column":24},"end":{"line":29,"column":32}},"22":{"start":{"line":32,"column":20},"end":{"line":32,"column":43}},"23":{"start":{"line":36,"column":12},"end":{"line":36,"column":58}},"24":{"start":{"line":41,"column":19},"end":{"line":41,"column":29}},"25":{"start":{"line":42,"column":19},"end":{"line":42,"column":29}},"26":{"start":{"line":43,"column":18},"end":{"line":43,"column":32}},"27":{"start":{"line":44,"column":8},"end":{"line":48,"column":9}},"28":{"start":{"line":45,"column":12},"end":{"line":47,"column":13}},"29":{"start":{"line":46,"column":16},"end":{"line":46,"column":36}},"30":{"start":{"line":49,"column":8},"end":{"line":49,"column":19}},"31":{"start":{"line":53,"column":19},"end":{"line":53,"column":29}},"32":{"start":{"line":54,"column":19},"end":{"line":54,"column":29}},"33":{"start":{"line":55,"column":8},"end":{"line":59,"column":9}},"34":{"start":{"line":56,"column":12},"end":{"line":56,"column":51}},"35":{"start":{"line":57,"column":15},"end":{"line":59,"column":9}},"36":{"start":{"line":58,"column":12},"end":{"line":58,"column":31}},"37":{"start":{"line":60,"column":8},"end":{"line":64,"column":9}},"38":{"start":{"line":61,"column":12},"end":{"line":61,"column":51}},"39":{"start":{"line":62,"column":15},"end":{"line":64,"column":9}},"40":{"start":{"line":63,"column":12},"end":{"line":63,"column":31}},"41":{"start":{"line":68,"column":19},"end":{"line":68,"column":29}},"42":{"start":{"line":69,"column":19},"end":{"line":69,"column":29}},"43":{"start":{"line":70,"column":18},"end":{"line":70,"column":32}},"44":{"start":{"line":71,"column":8},"end":{"line":73,"column":9}},"45":{"start":{"line":72,"column":12},"end":{"line":72,"column":32}},"46":{"start":{"line":74,"column":8},"end":{"line":74,"column":19}},"47":{"start":{"line":78,"column":8},"end":{"line":78,"column":27}},"48":{"start":{"line":79,"column":8},"end":{"line":81,"column":9}},"49":{"start":{"line":80,"column":12},"end":{"line":80,"column":33}},"50":{"start":{"line":85,"column":8},"end":{"line":85,"column":27}},"51":{"start":{"line":86,"column":8},"end":{"line":88,"column":9}},"52":{"start":{"line":87,"column":12},"end":{"line":87,"column":33}},"53":{"start":{"line":92,"column":8},"end":{"line":100,"column":9}},"54":{"start":{"line":93,"column":12},"end":{"line":93,"column":29}},"55":{"start":{"line":94,"column":15},"end":{"line":100,"column":9}},"56":{"start":{"line":95,"column":12},"end":{"line":95,"column":29}},"57":{"start":{"line":96,"column":15},"end":{"line":100,"column":9}},"58":{"start":{"line":97,"column":12},"end":{"line":97,"column":29}},"59":{"start":{"line":98,"column":15},"end":{"line":100,"column":9}},"60":{"start":{"line":99,"column":12},"end":{"line":99,"column":29}},"61":{"start":{"line":104,"column":8},"end":{"line":104,"column":24}},"62":{"start":{"line":105,"column":26},"end":{"line":105,"column":36}},"63":{"start":{"line":106,"column":8},"end":{"line":106,"column":53}},"64":{"start":{"line":110,"column":8},"end":{"line":110,"column":65}}},"fnMap":{"0":{"name":"(anonymous_0)","decl":{"start":{"line":3,"column":4},"end":{"line":3,"column":5}},"loc":{"start":{"line":3,"column":30},"end":{"line":8,"column":5}},"line":3},"1":{"name":"(anonymous_1)","decl":{"start":{"line":10,"column":4},"end":{"line":10,"column":5}},"loc":{"start":{"line":10,"column":30},"end":{"line":38,"column":5}},"line":10},"2":{"name":"(anonymous_2)","decl":{"start":{"line":40,"column":4},"end":{"line":40,"column":5}},"loc":{"start":{"line":40,"column":31},"end":{"line":50,"column":5}},"line":40},"3":{"name":"(anonymous_3)","decl":{"start":{"line":52,"column":4},"end":{"line":52,"column":5}},"loc":{"start":{"line":52,"column":32},"end":{"line":65,"column":5}},"line":52},"4":{"name":"(anonymous_4)","decl":{"start":{"line":67,"column":4},"end":{"line":67,"column":5}},"loc":{"start":{"line":67,"column":32},"end":{"line":75,"column":5}},"line":67},"5":{"name":"(anonymous_5)","decl":{"start":{"line":77,"column":4},"end":{"line":77,"column":5}},"loc":{"start":{"line":77,"column":15},"end":{"line":82,"column":5}},"line":77},"6":{"name":"(anonymous_6)","decl":{"start":{"line":84,"column":4},"end":{"line":84,"column":5}},"loc":{"start":{"line":84,"column":16},"end":{"line":89,"column":5}},"line":84},"7":{"name":"(anonymous_7)","decl":{"start":{"line":91,"column":4},"end":{"line":91,"column":5}},"loc":{"start":{"line":91,"column":16},"end":{"line":101,"column":5}},"line":91},"8":{"name":"(anonymous_8)","decl":{"start":{"line":103,"column":4},"end":{"line":103,"column":5}},"loc":{"start":{"line":103,"column":17},"end":{"line":107,"column":5}},"line":103},"9":{"name":"(anonymous_9)","decl":{"start":{"line":109,"column":4},"end":{"line":109,"column":5}},"loc":{"start":{"line":109,"column":21},"end":{"line":111,"column":5}},"line":109}},"branchMap":{"0":{"loc":{"start":{"line":12,"column":8},"end":{"line":37,"column":9}},"type":"if","locations":[{"start":{"line":12,"column":8},"end":{"line":37,"column":9}},{"start":{"line":35,"column":15},"end":{"line":37,"column":9}}],"line":12},"1":{"loc":{"start":{"line":17,"column":16},"end":{"line":33,"column":17}},"type":"if","locations":[{"start":{"line":17,"column":16},"end":{"line":33,"column":17}},{"start":{"line":31,"column":23},"end":{"line":33,"column":17}}],"line":17},"2":{"loc":{"start":{"line":18,"column":20},"end":{"line":30,"column":21}},"type":"if","locations":[{"start":{"line":18,"column":20},"end":{"line":30,"column":21}},{"start":{"line":24,"column":27},"end":{"line":30,"column":21}}],"line":18},"3":{"loc":{"start":{"line":44,"column":8},"end":{"line":48,"column":9}},"type":"if","locations":[{"start":{"line":44,"column":8},"end":{"line":48,"column":9}},{"start":{},"end":{}}],"line":44},"4":{"loc":{"start":{"line":44,"column":12},"end":{"line":44,"column":49}},"type":"binary-expr","locations":[{"start":{"line":44,"column":12},"end":{"line":44,"column":21}},{"start":{"line":44,"column":25},"end":{"line":44,"column":49}}],"line":44},"5":{"loc":{"start":{"line":45,"column":12},"end":{"line":47,"column":13}},"type":"if","locations":[{"start":{"line":45,"column":12},"end":{"line":47,"column":13}},{"start":{},"end":{}}],"line":45},"6":{"loc":{"start":{"line":45,"column":16},"end":{"line":45,"column":53}},"type":"binary-expr","locations":[{"start":{"line":45,"column":16},"end":{"line":45,"column":25}},{"start":{"line":45,"column":29},"end":{"line":45,"column":53}}],"line":45},"7":{"loc":{"start":{"line":55,"column":8},"end":{"line":59,"column":9}},"type":"if","locations":[{"start":{"line":55,"column":8},"end":{"line":59,"column":9}},{"start":{"line":57,"column":15},"end":{"line":59,"column":9}}],"line":55},"8":{"loc":{"start":{"line":57,"column":15},"end":{"line":59,"column":9}},"type":"if","locations":[{"start":{"line":57,"column":15},"end":{"line":59,"column":9}},{"start":{},"end":{}}],"line":57},"9":{"loc":{"start":{"line":60,"column":8},"end":{"line":64,"column":9}},"type":"if","locations":[{"start":{"line":60,"column":8},"end":{"line":64,"column":9}},{"start":{"line":62,"column":15},"end":{"line":64,"column":9}}],"line":60},"10":{"loc":{"start":{"line":62,"column":15},"end":{"line":64,"column":9}},"type":"if","locations":[{"start":{"line":62,"column":15},"end":{"line":64,"column":9}},{"start":{},"end":{}}],"line":62},"11":{"loc":{"start":{"line":71,"column":8},"end":{"line":73,"column":9}},"type":"if","locations":[{"start":{"line":71,"column":8},"end":{"line":73,"column":9}},{"start":{},"end":{}}],"line":71},"12":{"loc":{"start":{"line":79,"column":8},"end":{"line":81,"column":9}},"type":"if","locations":[{"start":{"line":79,"column":8},"end":{"line":81,"column":9}},{"start":{},"end":{}}],"line":79},"13":{"loc":{"start":{"line":86,"column":8},"end":{"line":88,"column":9}},"type":"if","locations":[{"start":{"line":86,"column":8},"end":{"line":88,"column":9}},{"start":{},"end":{}}],"line":86},"14":{"loc":{"start":{"line":92,"column":8},"end":{"line":100,"column":9}},"type":"if","locations":[{"start":{"line":92,"column":8},"end":{"line":100,"column":9}},{"start":{"line":94,"column":15},"end":{"line":100,"column":9}}],"line":92},"15":{"loc":{"start":{"line":94,"column":15},"end":{"line":100,"column":9}},"type":"if","locations":[{"start":{"line":94,"column":15},"end":{"line":100,"column":9}},{"start":{"line":96,"column":15},"end":{"line":100,"column":9}}],"line":94},"16":{"loc":{"start":{"line":96,"column":15},"end":{"line":100,"column":9}},"type":"if","locations":[{"start":{"line":96,"column":15},"end":{"line":100,"column":9}},{"start":{"line":98,"column":15},"end":{"line":100,"column":9}}],"line":96},"17":{"loc":{"start":{"line":98,"column":15},"end":{"line":100,"column":9}},"type":"if","locations":[{"start":{"line":98,"column":15},"end":{"line":100,"column":9}},{"start":{},"end":{}}],"line":98}},"s":{"0":8,"1":8,"2":8,"3":8,"4":0,"5":0,"6":0,"7":0,"8":0,"9":0,"10":0,"11":0,"12":0,"13":0,"14":0,"15":0,"16":0,"17":0,"18":0,"19":0,"20":0,"21":0,"22":0,"23":0,"24":2,"25":2,"26":2,"27":2,"28":2,"29":1,"30":2,"31":4,"32":4,"33":4,"34":1,"35":3,"36":1,"37":4,"38":1,"39":3,"40":1,"41":2,"42":2,"43":2,"44":2,"45":1,"46":2,"47":4,"48":4,"49":1,"50":4,"51":4,"52":1,"53":4,"54":1,"55":3,"56":1,"57":2,"58":1,"59":1,"60":1,"61":0,"62":0,"63":0,"64":16},"f":{"0":8,"1":0,"2":2,"3":4,"4":2,"5":4,"6":4,"7":4,"8":0,"9":16},"b":{"0":[0,0],"1":[0,0],"2":[0,0],"3":[2,0],"4":[2,2],"5":[1,1],"6":[2,1],"7":[1,3],"8":[1,2],"9":[1,3],"10":[1,2],"11":[1,1],"12":[1,3],"13":[1,3],"14":[1,3],"15":[1,2],"16":[1,1],"17":[1,0]},"_coverageSchema":"1a1c01bbd47fc00a2c39e90264f33305004495a9","hash":"2797e637a8c15b65e1d358d5025b11f2bbdacf18"}
,"C:\\Users\\USUARIO\\JALA\\GIT\\AT17\\katas\\langtonant\\jose\\module1.js": {"path":"C:\\Users\\USUARIO\\JALA\\GIT\\AT17\\katas\\langtonant\\jose\\module1.js","statementMap":{"0":{"start":{"line":3,"column":8},"end":{"line":3,"column":27}},"1":{"start":{"line":4,"column":8},"end":{"line":4,"column":36}},"2":{"start":{"line":8,"column":8},"end":{"line":8,"column":30}},"3":{"start":{"line":13,"column":4},"end":{"line":13,"column":40}}},"fnMap":{"0":{"name":"(anonymous_0)","decl":{"start":{"line":2,"column":4},"end":{"line":2,"column":5}},"loc":{"start":{"line":2,"column":18},"end":{"line":5,"column":5}},"line":2},"1":{"name":"(anonymous_1)","decl":{"start":{"line":7,"column":4},"end":{"line":7,"column":5}},"loc":{"start":{"line":7,"column":12},"end":{"line":9,"column":5}},"line":7},"2":{"name":"testFunc","decl":{"start":{"line":12,"column":16},"end":{"line":12,"column":24}},"loc":{"start":{"line":12,"column":27},"end":{"line":14,"column":1}},"line":12}},"branchMap":{},"s":{"0":1,"1":1,"2":1,"3":0},"f":{"0":1,"1":1,"2":0},"b":{},"_coverageSchema":"1a1c01bbd47fc00a2c39e90264f33305004495a9","hash":"9b0d5c173e6cbea0932d56d82e77f45365d95e6b"}
,"C:\\Users\\USUARIO\\JALA\\GIT\\AT17\\katas\\langtonant\\marcelo\\ant.js": {"path":"C:\\Users\\USUARIO\\JALA\\GIT\\AT17\\katas\\langtonant\\marcelo\\ant.js","statementMap":{"0":{"start":{"line":3,"column":8},"end":{"line":3,"column":24}},"1":{"start":{"line":4,"column":8},"end":{"line":4,"column":24}},"2":{"start":{"line":5,"column":8},"end":{"line":5,"column":25}},"3":{"start":{"line":6,"column":8},"end":{"line":6,"column":25}},"4":{"start":{"line":7,"column":8},"end":{"line":7,"column":70}},"5":{"start":{"line":8,"column":8},"end":{"line":8,"column":36}},"6":{"start":{"line":9,"column":8},"end":{"line":9,"column":28}},"7":{"start":{"line":10,"column":8},"end":{"line":10,"column":27}},"8":{"start":{"line":11,"column":8},"end":{"line":11,"column":27}},"9":{"start":{"line":12,"column":8},"end":{"line":12,"column":34}},"10":{"start":{"line":13,"column":8},"end":{"line":13,"column":34}},"11":{"start":{"line":17,"column":8},"end":{"line":24,"column":9}},"12":{"start":{"line":18,"column":12},"end":{"line":23,"column":13}},"13":{"start":{"line":19,"column":29},"end":{"line":19,"column":101}},"14":{"start":{"line":19,"column":102},"end":{"line":19,"column":108}},"15":{"start":{"line":20,"column":29},"end":{"line":20,"column":101}},"16":{"start":{"line":20,"column":102},"end":{"line":20,"column":108}},"17":{"start":{"line":21,"column":28},"end":{"line":21,"column":102}},"18":{"start":{"line":21,"column":103},"end":{"line":21,"column":109}},"19":{"start":{"line":22,"column":28},"end":{"line":22,"column":102}},"20":{"start":{"line":22,"column":103},"end":{"line":22,"column":109}},"21":{"start":{"line":28,"column":8},"end":{"line":34,"column":9}},"22":{"start":{"line":29,"column":29},"end":{"line":29,"column":48}},"23":{"start":{"line":30,"column":12},"end":{"line":32,"column":13}},"24":{"start":{"line":31,"column":16},"end":{"line":31,"column":49}},"25":{"start":{"line":33,"column":12},"end":{"line":33,"column":30}},"26":{"start":{"line":38,"column":8},"end":{"line":38,"column":30}},"27":{"start":{"line":42,"column":8},"end":{"line":42,"column":48}}},"fnMap":{"0":{"name":"(anonymous_0)","decl":{"start":{"line":2,"column":4},"end":{"line":2,"column":5}},"loc":{"start":{"line":2,"column":18},"end":{"line":14,"column":5}},"line":2},"1":{"name":"(anonymous_1)","decl":{"start":{"line":16,"column":4},"end":{"line":16,"column":5}},"loc":{"start":{"line":16,"column":24},"end":{"line":25,"column":5}},"line":16},"2":{"name":"(anonymous_2)","decl":{"start":{"line":27,"column":4},"end":{"line":27,"column":5}},"loc":{"start":{"line":27,"column":23},"end":{"line":35,"column":5}},"line":27},"3":{"name":"(anonymous_3)","decl":{"start":{"line":37,"column":4},"end":{"line":37,"column":5}},"loc":{"start":{"line":37,"column":20},"end":{"line":39,"column":5}},"line":37},"4":{"name":"(anonymous_4)","decl":{"start":{"line":41,"column":4},"end":{"line":41,"column":5}},"loc":{"start":{"line":41,"column":15},"end":{"line":43,"column":5}},"line":41}},"branchMap":{"0":{"loc":{"start":{"line":16,"column":11},"end":{"line":16,"column":22}},"type":"default-arg","locations":[{"start":{"line":16,"column":19},"end":{"line":16,"column":22}}],"line":16},"1":{"loc":{"start":{"line":17,"column":8},"end":{"line":24,"column":9}},"type":"if","locations":[{"start":{"line":17,"column":8},"end":{"line":24,"column":9}},{"start":{},"end":{}}],"line":17},"2":{"loc":{"start":{"line":17,"column":12},"end":{"line":17,"column":72}},"type":"binary-expr","locations":[{"start":{"line":17,"column":12},"end":{"line":17,"column":40}},{"start":{"line":17,"column":44},"end":{"line":17,"column":72}}],"line":17},"3":{"loc":{"start":{"line":18,"column":12},"end":{"line":23,"column":13}},"type":"switch","locations":[{"start":{"line":19,"column":12},"end":{"line":19,"column":108}},{"start":{"line":20,"column":12},"end":{"line":20,"column":108}},{"start":{"line":21,"column":12},"end":{"line":21,"column":109}},{"start":{"line":22,"column":12},"end":{"line":22,"column":109}}],"line":18},"4":{"loc":{"start":{"line":19,"column":46},"end":{"line":19,"column":100}},"type":"cond-expr","locations":[{"start":{"line":19,"column":79},"end":{"line":19,"column":88}},{"start":{"line":19,"column":91},"end":{"line":19,"column":100}}],"line":19},"5":{"loc":{"start":{"line":20,"column":46},"end":{"line":20,"column":100}},"type":"cond-expr","locations":[{"start":{"line":20,"column":79},"end":{"line":20,"column":88}},{"start":{"line":20,"column":91},"end":{"line":20,"column":100}}],"line":20},"6":{"loc":{"start":{"line":21,"column":45},"end":{"line":21,"column":101}},"type":"cond-expr","locations":[{"start":{"line":21,"column":78},"end":{"line":21,"column":88}},{"start":{"line":21,"column":91},"end":{"line":21,"column":101}}],"line":21},"7":{"loc":{"start":{"line":22,"column":45},"end":{"line":22,"column":101}},"type":"cond-expr","locations":[{"start":{"line":22,"column":78},"end":{"line":22,"column":88}},{"start":{"line":22,"column":91},"end":{"line":22,"column":101}}],"line":22},"8":{"loc":{"start":{"line":27,"column":10},"end":{"line":27,"column":21}},"type":"default-arg","locations":[{"start":{"line":27,"column":18},"end":{"line":27,"column":21}}],"line":27},"9":{"loc":{"start":{"line":28,"column":8},"end":{"line":34,"column":9}},"type":"if","locations":[{"start":{"line":28,"column":8},"end":{"line":34,"column":9}},{"start":{},"end":{}}],"line":28},"10":{"loc":{"start":{"line":28,"column":12},"end":{"line":28,"column":72}},"type":"binary-expr","locations":[{"start":{"line":28,"column":12},"end":{"line":28,"column":40}},{"start":{"line":28,"column":44},"end":{"line":28,"column":72}}],"line":28},"11":{"loc":{"start":{"line":30,"column":12},"end":{"line":32,"column":13}},"type":"if","locations":[{"start":{"line":30,"column":12},"end":{"line":32,"column":13}},{"start":{},"end":{}}],"line":30}},"s":{"0":9,"1":9,"2":9,"3":9,"4":9,"5":9,"6":9,"7":9,"8":9,"9":9,"10":9,"11":10,"12":2,"13":1,"14":1,"15":0,"16":0,"17":1,"18":1,"19":0,"20":0,"21":3,"22":3,"23":3,"24":2,"25":3,"26":0,"27":0},"f":{"0":9,"1":10,"2":3,"3":0,"4":0},"b":{"0":[0],"1":[2,8],"2":[10,9],"3":[1,0,1,0],"4":[1,0],"5":[0,0],"6":[0,1],"7":[0,0],"8":[1],"9":[3,0],"10":[3,1],"11":[2,1]},"_coverageSchema":"1a1c01bbd47fc00a2c39e90264f33305004495a9","hash":"3961239700c5e77da7378259d0d00449f3d6a71d"}
,"C:\\Users\\USUARIO\\JALA\\GIT\\AT17\\katas\\langtonant\\marcelo\\table.js": {"path":"C:\\Users\\USUARIO\\JALA\\GIT\\AT17\\katas\\langtonant\\marcelo\\table.js","statementMap":{"0":{"start":{"line":5,"column":8},"end":{"line":5,"column":29}},"1":{"start":{"line":6,"column":8},"end":{"line":6,"column":44}},"2":{"start":{"line":10,"column":8},"end":{"line":10,"column":44}},"3":{"start":{"line":14,"column":8},"end":{"line":19,"column":9}},"4":{"start":{"line":15,"column":12},"end":{"line":15,"column":43}},"5":{"start":{"line":16,"column":12},"end":{"line":16,"column":43}},"6":{"start":{"line":18,"column":12},"end":{"line":18,"column":56}},"7":{"start":{"line":23,"column":26},"end":{"line":23,"column":28}},"8":{"start":{"line":24,"column":8},"end":{"line":34,"column":9}},"9":{"start":{"line":24,"column":21},"end":{"line":24,"column":22}},"10":{"start":{"line":25,"column":12},"end":{"line":32,"column":13}},"11":{"start":{"line":25,"column":25},"end":{"line":25,"column":26}},"12":{"start":{"line":26,"column":16},"end":{"line":31,"column":17}},"13":{"start":{"line":28,"column":20},"end":{"line":28,"column":61}},"14":{"start":{"line":30,"column":20},"end":{"line":30,"column":58}},"15":{"start":{"line":33,"column":12},"end":{"line":33,"column":32}},"16":{"start":{"line":35,"column":8},"end":{"line":35,"column":27}},"17":{"start":{"line":39,"column":8},"end":{"line":56,"column":9}},"18":{"start":{"line":39,"column":21},"end":{"line":39,"column":22}},"19":{"start":{"line":40,"column":12},"end":{"line":40,"column":29}},"20":{"start":{"line":41,"column":23},"end":{"line":41,"column":41}},"21":{"start":{"line":42,"column":23},"end":{"line":42,"column":41}},"22":{"start":{"line":44,"column":12},"end":{"line":46,"column":13}},"23":{"start":{"line":45,"column":16},"end":{"line":45,"column":59}},"24":{"start":{"line":47,"column":12},"end":{"line":49,"column":13}},"25":{"start":{"line":48,"column":16},"end":{"line":48,"column":59}},"26":{"start":{"line":50,"column":12},"end":{"line":52,"column":13}},"27":{"start":{"line":51,"column":16},"end":{"line":51,"column":60}},"28":{"start":{"line":53,"column":12},"end":{"line":55,"column":13}},"29":{"start":{"line":54,"column":16},"end":{"line":54,"column":60}},"30":{"start":{"line":60,"column":25},"end":{"line":60,"column":40}},"31":{"start":{"line":61,"column":8},"end":{"line":66,"column":9}},"32":{"start":{"line":61,"column":21},"end":{"line":61,"column":22}},"33":{"start":{"line":62,"column":12},"end":{"line":62,"column":44}},"34":{"start":{"line":63,"column":12},"end":{"line":65,"column":13}},"35":{"start":{"line":63,"column":25},"end":{"line":63,"column":26}},"36":{"start":{"line":64,"column":16},"end":{"line":64,"column":39}},"37":{"start":{"line":68,"column":8},"end":{"line":68,"column":26}},"38":{"start":{"line":72,"column":20},"end":{"line":72,"column":25}},"39":{"start":{"line":73,"column":8},"end":{"line":75,"column":9}},"40":{"start":{"line":74,"column":12},"end":{"line":74,"column":25}},"41":{"start":{"line":76,"column":8},"end":{"line":76,"column":21}},"42":{"start":{"line":80,"column":26},"end":{"line":80,"column":34}},"43":{"start":{"line":81,"column":8},"end":{"line":87,"column":9}},"44":{"start":{"line":82,"column":12},"end":{"line":82,"column":48}},"45":{"start":{"line":84,"column":12},"end":{"line":86,"column":13}},"46":{"start":{"line":85,"column":16},"end":{"line":85,"column":32}},"47":{"start":{"line":88,"column":8},"end":{"line":88,"column":27}},"48":{"start":{"line":92,"column":8},"end":{"line":102,"column":9}},"49":{"start":{"line":93,"column":12},"end":{"line":93,"column":60}},"50":{"start":{"line":94,"column":12},"end":{"line":94,"column":82}},"51":{"start":{"line":95,"column":12},"end":{"line":95,"column":83}},"52":{"start":{"line":96,"column":12},"end":{"line":96,"column":73}},"53":{"start":{"line":98,"column":12},"end":{"line":98,"column":60}},"54":{"start":{"line":99,"column":12},"end":{"line":99,"column":82}},"55":{"start":{"line":100,"column":12},"end":{"line":100,"column":83}},"56":{"start":{"line":101,"column":12},"end":{"line":101,"column":73}}},"fnMap":{"0":{"name":"(anonymous_0)","decl":{"start":{"line":4,"column":4},"end":{"line":4,"column":5}},"loc":{"start":{"line":4,"column":26},"end":{"line":7,"column":5}},"line":4},"1":{"name":"(anonymous_1)","decl":{"start":{"line":9,"column":4},"end":{"line":9,"column":5}},"loc":{"start":{"line":9,"column":16},"end":{"line":11,"column":5}},"line":9},"2":{"name":"(anonymous_2)","decl":{"start":{"line":13,"column":4},"end":{"line":13,"column":5}},"loc":{"start":{"line":13,"column":38},"end":{"line":20,"column":5}},"line":13},"3":{"name":"(anonymous_3)","decl":{"start":{"line":22,"column":4},"end":{"line":22,"column":5}},"loc":{"start":{"line":22,"column":16},"end":{"line":36,"column":5}},"line":22},"4":{"name":"(anonymous_4)","decl":{"start":{"line":38,"column":4},"end":{"line":38,"column":5}},"loc":{"start":{"line":38,"column":26},"end":{"line":57,"column":5}},"line":38},"5":{"name":"(anonymous_5)","decl":{"start":{"line":59,"column":4},"end":{"line":59,"column":5}},"loc":{"start":{"line":59,"column":27},"end":{"line":69,"column":5}},"line":59},"6":{"name":"(anonymous_6)","decl":{"start":{"line":71,"column":4},"end":{"line":71,"column":5}},"loc":{"start":{"line":71,"column":32},"end":{"line":77,"column":5}},"line":71},"7":{"name":"(anonymous_7)","decl":{"start":{"line":79,"column":4},"end":{"line":79,"column":5}},"loc":{"start":{"line":79,"column":30},"end":{"line":89,"column":5}},"line":79},"8":{"name":"(anonymous_8)","decl":{"start":{"line":91,"column":4},"end":{"line":91,"column":5}},"loc":{"start":{"line":91,"column":49},"end":{"line":103,"column":5}},"line":91}},"branchMap":{"0":{"loc":{"start":{"line":4,"column":16},"end":{"line":4,"column":24}},"type":"default-arg","locations":[{"start":{"line":4,"column":23},"end":{"line":4,"column":24}}],"line":4},"1":{"loc":{"start":{"line":14,"column":8},"end":{"line":19,"column":9}},"type":"if","locations":[{"start":{"line":14,"column":8},"end":{"line":19,"column":9}},{"start":{},"end":{}}],"line":14},"2":{"loc":{"start":{"line":14,"column":12},"end":{"line":14,"column":77}},"type":"binary-expr","locations":[{"start":{"line":14,"column":12},"end":{"line":14,"column":41}},{"start":{"line":14,"column":45},"end":{"line":14,"column":77}}],"line":14},"3":{"loc":{"start":{"line":26,"column":16},"end":{"line":31,"column":17}},"type":"if","locations":[{"start":{"line":26,"column":16},"end":{"line":31,"column":17}},{"start":{"line":29,"column":23},"end":{"line":31,"column":17}}],"line":26},"4":{"loc":{"start":{"line":44,"column":12},"end":{"line":46,"column":13}},"type":"if","locations":[{"start":{"line":44,"column":12},"end":{"line":46,"column":13}},{"start":{},"end":{}}],"line":44},"5":{"loc":{"start":{"line":47,"column":12},"end":{"line":49,"column":13}},"type":"if","locations":[{"start":{"line":47,"column":12},"end":{"line":49,"column":13}},{"start":{},"end":{}}],"line":47},"6":{"loc":{"start":{"line":50,"column":12},"end":{"line":52,"column":13}},"type":"if","locations":[{"start":{"line":50,"column":12},"end":{"line":52,"column":13}},{"start":{},"end":{}}],"line":50},"7":{"loc":{"start":{"line":53,"column":12},"end":{"line":55,"column":13}},"type":"if","locations":[{"start":{"line":53,"column":12},"end":{"line":55,"column":13}},{"start":{},"end":{}}],"line":53},"8":{"loc":{"start":{"line":59,"column":16},"end":{"line":59,"column":25}},"type":"default-arg","locations":[{"start":{"line":59,"column":23},"end":{"line":59,"column":25}}],"line":59},"9":{"loc":{"start":{"line":73,"column":8},"end":{"line":75,"column":9}},"type":"if","locations":[{"start":{"line":73,"column":8},"end":{"line":75,"column":9}},{"start":{},"end":{}}],"line":73},"10":{"loc":{"start":{"line":81,"column":8},"end":{"line":87,"column":9}},"type":"if","locations":[{"start":{"line":81,"column":8},"end":{"line":87,"column":9}},{"start":{"line":83,"column":15},"end":{"line":87,"column":9}}],"line":81},"11":{"loc":{"start":{"line":84,"column":12},"end":{"line":86,"column":13}},"type":"if","locations":[{"start":{"line":84,"column":12},"end":{"line":86,"column":13}},{"start":{},"end":{}}],"line":84},"12":{"loc":{"start":{"line":92,"column":8},"end":{"line":102,"column":9}},"type":"if","locations":[{"start":{"line":92,"column":8},"end":{"line":102,"column":9}},{"start":{"line":97,"column":15},"end":{"line":102,"column":9}}],"line":92}},"s":{"0":4,"1":4,"2":0,"3":2,"4":1,"5":1,"6":1,"7":2,"8":2,"9":2,"10":20,"11":20,"12":200,"13":0,"14":200,"15":20,"16":2,"17":0,"18":0,"19":0,"20":0,"21":0,"22":0,"23":0,"24":0,"25":0,"26":0,"27":0,"28":0,"29":0,"30":6,"31":6,"32":6,"33":60,"34":60,"35":60,"36":600,"37":6,"38":200,"39":200,"40":0,"41":200,"42":3,"43":3,"44":0,"45":3,"46":0,"47":3,"48":1,"49":1,"50":1,"51":1,"52":1,"53":0,"54":0,"55":0,"56":0},"f":{"0":4,"1":0,"2":2,"3":2,"4":0,"5":6,"6":200,"7":3,"8":1},"b":{"0":[0],"1":[1,1],"2":[2,1],"3":[0,200],"4":[0,0],"5":[0,0],"6":[0,0],"7":[0,0],"8":[2],"9":[0,200],"10":[0,3],"11":[0,3],"12":[1,0]},"_coverageSchema":"1a1c01bbd47fc00a2c39e90264f33305004495a9","hash":"58726b40f0f0431b392566d9307894508f4d3374"}
,"C:\\Users\\USUARIO\\JALA\\GIT\\AT17\\katas\\langtonant\\maria\\antolangt.js": {"path":"C:\\Users\\USUARIO\\JALA\\GIT\\AT17\\katas\\langtonant\\maria\\antolangt.js","statementMap":{"0":{"start":{"line":3,"column":4},"end":{"line":3,"column":41}},"1":{"start":{"line":4,"column":4},"end":{"line":4,"column":43}},"2":{"start":{"line":5,"column":17},"end":{"line":5,"column":28}},"3":{"start":{"line":7,"column":4},"end":{"line":15,"column":6}},"4":{"start":{"line":8,"column":8},"end":{"line":14,"column":9}},"5":{"start":{"line":8,"column":21},"end":{"line":8,"column":22}},"6":{"start":{"line":9,"column":12},"end":{"line":9,"column":36}},"7":{"start":{"line":11,"column":12},"end":{"line":13,"column":13}},"8":{"start":{"line":11,"column":25},"end":{"line":11,"column":26}},"9":{"start":{"line":12,"column":16},"end":{"line":12,"column":45}},"10":{"start":{"line":17,"column":4},"end":{"line":25,"column":6}},"11":{"start":{"line":18,"column":22},"end":{"line":18,"column":35}},"12":{"start":{"line":19,"column":20},"end":{"line":19,"column":21}},"13":{"start":{"line":20,"column":20},"end":{"line":20,"column":21}},"14":{"start":{"line":21,"column":8},"end":{"line":23,"column":9}},"15":{"start":{"line":22,"column":12},"end":{"line":22,"column":25}},"16":{"start":{"line":24,"column":8},"end":{"line":24,"column":21}},"17":{"start":{"line":26,"column":4},"end":{"line":30,"column":6}},"18":{"start":{"line":27,"column":8},"end":{"line":29,"column":9}},"19":{"start":{"line":28,"column":12},"end":{"line":28,"column":57}},"20":{"start":{"line":32,"column":4},"end":{"line":34,"column":6}},"21":{"start":{"line":33,"column":8},"end":{"line":33,"column":28}},"22":{"start":{"line":36,"column":4},"end":{"line":38,"column":6}},"23":{"start":{"line":37,"column":8},"end":{"line":37,"column":25}},"24":{"start":{"line":43,"column":4},"end":{"line":43,"column":23}},"25":{"start":{"line":44,"column":4},"end":{"line":44,"column":25}},"26":{"start":{"line":46,"column":4},"end":{"line":46,"column":31}},"27":{"start":{"line":47,"column":4},"end":{"line":47,"column":29}},"28":{"start":{"line":49,"column":4},"end":{"line":51,"column":6}},"29":{"start":{"line":50,"column":8},"end":{"line":50,"column":35}},"30":{"start":{"line":52,"column":4},"end":{"line":61,"column":6}},"31":{"start":{"line":54,"column":25},"end":{"line":54,"column":45}},"32":{"start":{"line":55,"column":16},"end":{"line":55,"column":50}},"33":{"start":{"line":56,"column":8},"end":{"line":60,"column":9}},"34":{"start":{"line":57,"column":12},"end":{"line":57,"column":33}},"35":{"start":{"line":59,"column":12},"end":{"line":59,"column":37}},"36":{"start":{"line":62,"column":4},"end":{"line":71,"column":6}},"37":{"start":{"line":64,"column":25},"end":{"line":64,"column":45}},"38":{"start":{"line":65,"column":16},"end":{"line":65,"column":50}},"39":{"start":{"line":66,"column":8},"end":{"line":70,"column":9}},"40":{"start":{"line":67,"column":12},"end":{"line":67,"column":33}},"41":{"start":{"line":69,"column":12},"end":{"line":69,"column":37}},"42":{"start":{"line":73,"column":4},"end":{"line":85,"column":6}},"43":{"start":{"line":74,"column":20},"end":{"line":74,"column":21}},"44":{"start":{"line":75,"column":20},"end":{"line":75,"column":21}},"45":{"start":{"line":76,"column":8},"end":{"line":84,"column":9}},"46":{"start":{"line":77,"column":12},"end":{"line":77,"column":38}},"47":{"start":{"line":79,"column":12},"end":{"line":79,"column":69}},"48":{"start":{"line":81,"column":12},"end":{"line":81,"column":37}},"49":{"start":{"line":83,"column":12},"end":{"line":83,"column":69}},"50":{"start":{"line":86,"column":4},"end":{"line":105,"column":6}},"51":{"start":{"line":87,"column":8},"end":{"line":104,"column":9}},"52":{"start":{"line":87,"column":21},"end":{"line":87,"column":22}},"53":{"start":{"line":88,"column":12},"end":{"line":88,"column":99}},"54":{"start":{"line":89,"column":12},"end":{"line":89,"column":35}},"55":{"start":{"line":90,"column":12},"end":{"line":92,"column":13}},"56":{"start":{"line":91,"column":16},"end":{"line":91,"column":44}},"57":{"start":{"line":93,"column":12},"end":{"line":95,"column":13}},"58":{"start":{"line":94,"column":16},"end":{"line":94,"column":44}},"59":{"start":{"line":96,"column":12},"end":{"line":98,"column":13}},"60":{"start":{"line":97,"column":16},"end":{"line":97,"column":46}},"61":{"start":{"line":99,"column":12},"end":{"line":101,"column":13}},"62":{"start":{"line":100,"column":16},"end":{"line":100,"column":46}},"63":{"start":{"line":102,"column":12},"end":{"line":102,"column":45}},"64":{"start":{"line":103,"column":12},"end":{"line":103,"column":36}}},"fnMap":{"0":{"name":"Grid","decl":{"start":{"line":2,"column":16},"end":{"line":2,"column":20}},"loc":{"start":{"line":2,"column":54},"end":{"line":39,"column":1}},"line":2},"1":{"name":"(anonymous_1)","decl":{"start":{"line":7,"column":16},"end":{"line":7,"column":17}},"loc":{"start":{"line":7,"column":27},"end":{"line":15,"column":5}},"line":7},"2":{"name":"(anonymous_2)","decl":{"start":{"line":17,"column":18},"end":{"line":17,"column":19}},"loc":{"start":{"line":17,"column":29},"end":{"line":25,"column":5}},"line":17},"3":{"name":"(anonymous_3)","decl":{"start":{"line":26,"column":17},"end":{"line":26,"column":18}},"loc":{"start":{"line":26,"column":28},"end":{"line":30,"column":5}},"line":26},"4":{"name":"(anonymous_4)","decl":{"start":{"line":32,"column":20},"end":{"line":32,"column":21}},"loc":{"start":{"line":32,"column":35},"end":{"line":34,"column":5}},"line":32},"5":{"name":"(anonymous_5)","decl":{"start":{"line":36,"column":20},"end":{"line":36,"column":21}},"loc":{"start":{"line":36,"column":38},"end":{"line":38,"column":5}},"line":36},"6":{"name":"Ant","decl":{"start":{"line":42,"column":16},"end":{"line":42,"column":19}},"loc":{"start":{"line":42,"column":54},"end":{"line":106,"column":1}},"line":42},"7":{"name":"(anonymous_7)","decl":{"start":{"line":49,"column":18},"end":{"line":49,"column":19}},"loc":{"start":{"line":49,"column":38},"end":{"line":51,"column":5}},"line":49},"8":{"name":"(anonymous_8)","decl":{"start":{"line":52,"column":17},"end":{"line":52,"column":18}},"loc":{"start":{"line":52,"column":28},"end":{"line":61,"column":5}},"line":52},"9":{"name":"(anonymous_9)","decl":{"start":{"line":62,"column":16},"end":{"line":62,"column":17}},"loc":{"start":{"line":62,"column":27},"end":{"line":71,"column":5}},"line":62},"10":{"name":"(anonymous_10)","decl":{"start":{"line":73,"column":27},"end":{"line":73,"column":28}},"loc":{"start":{"line":73,"column":38},"end":{"line":85,"column":5}},"line":73},"11":{"name":"(anonymous_11)","decl":{"start":{"line":86,"column":16},"end":{"line":86,"column":17}},"loc":{"start":{"line":86,"column":32},"end":{"line":105,"column":5}},"line":86}},"branchMap":{"0":{"loc":{"start":{"line":21,"column":8},"end":{"line":23,"column":9}},"type":"if","locations":[{"start":{"line":21,"column":8},"end":{"line":23,"column":9}},{"start":{},"end":{}}],"line":21},"1":{"loc":{"start":{"line":56,"column":8},"end":{"line":60,"column":9}},"type":"if","locations":[{"start":{"line":56,"column":8},"end":{"line":60,"column":9}},{"start":{"line":58,"column":15},"end":{"line":60,"column":9}}],"line":56},"2":{"loc":{"start":{"line":66,"column":8},"end":{"line":70,"column":9}},"type":"if","locations":[{"start":{"line":66,"column":8},"end":{"line":70,"column":9}},{"start":{"line":68,"column":15},"end":{"line":70,"column":9}}],"line":66},"3":{"loc":{"start":{"line":76,"column":8},"end":{"line":84,"column":9}},"type":"if","locations":[{"start":{"line":76,"column":8},"end":{"line":84,"column":9}},{"start":{"line":80,"column":15},"end":{"line":84,"column":9}}],"line":76},"4":{"loc":{"start":{"line":90,"column":12},"end":{"line":92,"column":13}},"type":"if","locations":[{"start":{"line":90,"column":12},"end":{"line":92,"column":13}},{"start":{},"end":{}}],"line":90},"5":{"loc":{"start":{"line":93,"column":12},"end":{"line":95,"column":13}},"type":"if","locations":[{"start":{"line":93,"column":12},"end":{"line":95,"column":13}},{"start":{},"end":{}}],"line":93},"6":{"loc":{"start":{"line":96,"column":12},"end":{"line":98,"column":13}},"type":"if","locations":[{"start":{"line":96,"column":12},"end":{"line":98,"column":13}},{"start":{},"end":{}}],"line":96},"7":{"loc":{"start":{"line":99,"column":12},"end":{"line":101,"column":13}},"type":"if","locations":[{"start":{"line":99,"column":12},"end":{"line":101,"column":13}},{"start":{},"end":{}}],"line":99}},"s":{"0":0,"1":0,"2":0,"3":0,"4":0,"5":0,"6":0,"7":0,"8":0,"9":0,"10":0,"11":0,"12":0,"13":0,"14":0,"15":0,"16":0,"17":0,"18":0,"19":0,"20":0,"21":0,"22":0,"23":0,"24":2,"25":2,"26":2,"27":2,"28":2,"29":0,"30":2,"31":1,"32":1,"33":1,"34":0,"35":1,"36":2,"37":1,"38":1,"39":1,"40":0,"41":1,"42":2,"43":0,"44":0,"45":0,"46":0,"47":0,"48":0,"49":0,"50":2,"51":0,"52":0,"53":0,"54":0,"55":0,"56":0,"57":0,"58":0,"59":0,"60":0,"61":0,"62":0,"63":0,"64":0},"f":{"0":0,"1":0,"2":0,"3":0,"4":0,"5":0,"6":2,"7":0,"8":1,"9":1,"10":0,"11":0},"b":{"0":[0,0],"1":[0,1],"2":[0,1],"3":[0,0],"4":[0,0],"5":[0,0],"6":[0,0],"7":[0,0]},"_coverageSchema":"1a1c01bbd47fc00a2c39e90264f33305004495a9","hash":"285ea99a1a221dbb02a65848cfd9b84a3778c45e"}
,"C:\\Users\\USUARIO\\JALA\\GIT\\AT17\\katas\\langtonant\\morelia\\functions.js": {"path":"C:\\Users\\USUARIO\\JALA\\GIT\\AT17\\katas\\langtonant\\morelia\\functions.js","statementMap":{"0":{"start":{"line":1,"column":23},"end":{"line":6,"column":1}},"1":{"start":{"line":8,"column":4},"end":{"line":12,"column":5}},"2":{"start":{"line":9,"column":8},"end":{"line":9,"column":32}},"3":{"start":{"line":11,"column":8},"end":{"line":11,"column":32}},"4":{"start":{"line":13,"column":4},"end":{"line":13,"column":18}},"5":{"start":{"line":16,"column":16},"end":{"line":16,"column":20}},"6":{"start":{"line":17,"column":4},"end":{"line":19,"column":5}},"7":{"start":{"line":18,"column":8},"end":{"line":18,"column":22}},"8":{"start":{"line":20,"column":4},"end":{"line":32,"column":5}},"9":{"start":{"line":21,"column":8},"end":{"line":25,"column":9}},"10":{"start":{"line":22,"column":12},"end":{"line":22,"column":33}},"11":{"start":{"line":24,"column":12},"end":{"line":24,"column":21}},"12":{"start":{"line":27,"column":8},"end":{"line":31,"column":9}},"13":{"start":{"line":28,"column":12},"end":{"line":28,"column":33}},"14":{"start":{"line":30,"column":12},"end":{"line":30,"column":21}},"15":{"start":{"line":35,"column":16},"end":{"line":35,"column":24}},"16":{"start":{"line":36,"column":4},"end":{"line":60,"column":5}},"17":{"start":{"line":37,"column":8},"end":{"line":41,"column":9}},"18":{"start":{"line":38,"column":12},"end":{"line":38,"column":20}},"19":{"start":{"line":40,"column":12},"end":{"line":40,"column":19}},"20":{"start":{"line":42,"column":11},"end":{"line":60,"column":5}},"21":{"start":{"line":43,"column":8},"end":{"line":47,"column":9}},"22":{"start":{"line":44,"column":12},"end":{"line":44,"column":18}},"23":{"start":{"line":46,"column":12},"end":{"line":46,"column":19}},"24":{"start":{"line":48,"column":11},"end":{"line":60,"column":5}},"25":{"start":{"line":49,"column":8},"end":{"line":53,"column":9}},"26":{"start":{"line":50,"column":12},"end":{"line":50,"column":18}},"27":{"start":{"line":52,"column":12},"end":{"line":52,"column":19}},"28":{"start":{"line":54,"column":11},"end":{"line":60,"column":5}},"29":{"start":{"line":55,"column":8},"end":{"line":59,"column":9}},"30":{"start":{"line":56,"column":12},"end":{"line":56,"column":20}},"31":{"start":{"line":58,"column":12},"end":{"line":58,"column":19}},"32":{"start":{"line":61,"column":4},"end":{"line":61,"column":18}}},"fnMap":{"0":{"name":"changeColor","decl":{"start":{"line":7,"column":16},"end":{"line":7,"column":27}},"loc":{"start":{"line":7,"column":49},"end":{"line":14,"column":1}},"line":7},"1":{"name":"nextDirection","decl":{"start":{"line":15,"column":16},"end":{"line":15,"column":29}},"loc":{"start":{"line":15,"column":62},"end":{"line":33,"column":1}},"line":15},"2":{"name":"move","decl":{"start":{"line":34,"column":16},"end":{"line":34,"column":20}},"loc":{"start":{"line":34,"column":44},"end":{"line":62,"column":1}},"line":34}},"branchMap":{"0":{"loc":{"start":{"line":8,"column":4},"end":{"line":12,"column":5}},"type":"if","locations":[{"start":{"line":8,"column":4},"end":{"line":12,"column":5}},{"start":{"line":10,"column":11},"end":{"line":12,"column":5}}],"line":8},"1":{"loc":{"start":{"line":17,"column":4},"end":{"line":19,"column":5}},"type":"if","locations":[{"start":{"line":17,"column":4},"end":{"line":19,"column":5}},{"start":{},"end":{}}],"line":17},"2":{"loc":{"start":{"line":20,"column":4},"end":{"line":32,"column":5}},"type":"if","locations":[{"start":{"line":20,"column":4},"end":{"line":32,"column":5}},{"start":{"line":26,"column":11},"end":{"line":32,"column":5}}],"line":20},"3":{"loc":{"start":{"line":21,"column":8},"end":{"line":25,"column":9}},"type":"if","locations":[{"start":{"line":21,"column":8},"end":{"line":25,"column":9}},{"start":{"line":23,"column":15},"end":{"line":25,"column":9}}],"line":21},"4":{"loc":{"start":{"line":27,"column":8},"end":{"line":31,"column":9}},"type":"if","locations":[{"start":{"line":27,"column":8},"end":{"line":31,"column":9}},{"start":{"line":29,"column":15},"end":{"line":31,"column":9}}],"line":27},"5":{"loc":{"start":{"line":36,"column":4},"end":{"line":60,"column":5}},"type":"if","locations":[{"start":{"line":36,"column":4},"end":{"line":60,"column":5}},{"start":{"line":42,"column":11},"end":{"line":60,"column":5}}],"line":36},"6":{"loc":{"start":{"line":37,"column":8},"end":{"line":41,"column":9}},"type":"if","locations":[{"start":{"line":37,"column":8},"end":{"line":41,"column":9}},{"start":{"line":39,"column":15},"end":{"line":41,"column":9}}],"line":37},"7":{"loc":{"start":{"line":42,"column":11},"end":{"line":60,"column":5}},"type":"if","locations":[{"start":{"line":42,"column":11},"end":{"line":60,"column":5}},{"start":{"line":48,"column":11},"end":{"line":60,"column":5}}],"line":42},"8":{"loc":{"start":{"line":43,"column":8},"end":{"line":47,"column":9}},"type":"if","locations":[{"start":{"line":43,"column":8},"end":{"line":47,"column":9}},{"start":{"line":45,"column":15},"end":{"line":47,"column":9}}],"line":43},"9":{"loc":{"start":{"line":48,"column":11},"end":{"line":60,"column":5}},"type":"if","locations":[{"start":{"line":48,"column":11},"end":{"line":60,"column":5}},{"start":{"line":54,"column":11},"end":{"line":60,"column":5}}],"line":48},"10":{"loc":{"start":{"line":49,"column":8},"end":{"line":53,"column":9}},"type":"if","locations":[{"start":{"line":49,"column":8},"end":{"line":53,"column":9}},{"start":{"line":51,"column":15},"end":{"line":53,"column":9}}],"line":49},"11":{"loc":{"start":{"line":54,"column":11},"end":{"line":60,"column":5}},"type":"if","locations":[{"start":{"line":54,"column":11},"end":{"line":60,"column":5}},{"start":{},"end":{}}],"line":54},"12":{"loc":{"start":{"line":55,"column":8},"end":{"line":59,"column":9}},"type":"if","locations":[{"start":{"line":55,"column":8},"end":{"line":59,"column":9}},{"start":{"line":57,"column":15},"end":{"line":59,"column":9}}],"line":55}},"s":{"0":1,"1":2,"2":1,"3":1,"4":2,"5":2,"6":2,"7":1,"8":2,"9":1,"10":1,"11":0,"12":1,"13":0,"14":1,"15":4,"16":4,"17":1,"18":0,"19":1,"20":3,"21":1,"22":0,"23":1,"24":2,"25":1,"26":0,"27":1,"28":1,"29":1,"30":0,"31":1,"32":4},"f":{"0":2,"1":2,"2":4},"b":{"0":[1,1],"1":[1,1],"2":[1,1],"3":[1,0],"4":[0,1],"5":[1,3],"6":[0,1],"7":[1,2],"8":[0,1],"9":[1,1],"10":[0,1],"11":[1,0],"12":[0,1]},"_coverageSchema":"1a1c01bbd47fc00a2c39e90264f33305004495a9","hash":"49ccc50b9ef2d5942d138b3de3f96dca30ab8aba"}
,"C:\\Users\\USUARIO\\JALA\\GIT\\AT17\\katas\\langtonant\\morelia\\matrix.js": {"path":"C:\\Users\\USUARIO\\JALA\\GIT\\AT17\\katas\\langtonant\\morelia\\matrix.js","statementMap":{"0":{"start":{"line":2,"column":17},"end":{"line":2,"column":19}},"1":{"start":{"line":3,"column":4},"end":{"line":9,"column":5}},"2":{"start":{"line":3,"column":17},"end":{"line":3,"column":18}},"3":{"start":{"line":4,"column":18},"end":{"line":4,"column":20}},"4":{"start":{"line":5,"column":8},"end":{"line":7,"column":9}},"5":{"start":{"line":5,"column":21},"end":{"line":5,"column":22}},"6":{"start":{"line":6,"column":12},"end":{"line":6,"column":24}},"7":{"start":{"line":8,"column":8},"end":{"line":8,"column":25}},"8":{"start":{"line":10,"column":4},"end":{"line":10,"column":18}}},"fnMap":{"0":{"name":"generateMatrix","decl":{"start":{"line":1,"column":16},"end":{"line":1,"column":30}},"loc":{"start":{"line":1,"column":46},"end":{"line":11,"column":1}},"line":1}},"branchMap":{},"s":{"0":1,"1":1,"2":1,"3":3,"4":3,"5":3,"6":9,"7":3,"8":1},"f":{"0":1},"b":{},"_coverageSchema":"1a1c01bbd47fc00a2c39e90264f33305004495a9","hash":"29de45a528fb854a2cd1fd57f448086da8f77283"}
,"C:\\Users\\USUARIO\\JALA\\GIT\\AT17\\katas\\langtonant\\richard\\changers.js": {"path":"C:\\Users\\USUARIO\\JALA\\GIT\\AT17\\katas\\langtonant\\richard\\changers.js","statementMap":{"0":{"start":{"line":2,"column":4},"end":{"line":11,"column":5}},"1":{"start":{"line":4,"column":8},"end":{"line":4,"column":20}},"2":{"start":{"line":6,"column":8},"end":{"line":6,"column":24}},"3":{"start":{"line":8,"column":8},"end":{"line":8,"column":20}},"4":{"start":{"line":10,"column":8},"end":{"line":10,"column":24}},"5":{"start":{"line":14,"column":4},"end":{"line":23,"column":5}},"6":{"start":{"line":16,"column":8},"end":{"line":16,"column":24}},"7":{"start":{"line":18,"column":8},"end":{"line":18,"column":20}},"8":{"start":{"line":20,"column":8},"end":{"line":20,"column":24}},"9":{"start":{"line":22,"column":8},"end":{"line":22,"column":20}},"10":{"start":{"line":26,"column":4},"end":{"line":30,"column":5}},"11":{"start":{"line":27,"column":8},"end":{"line":27,"column":34}},"12":{"start":{"line":29,"column":8},"end":{"line":29,"column":34}},"13":{"start":{"line":31,"column":4},"end":{"line":31,"column":19}},"14":{"start":{"line":36,"column":4},"end":{"line":60,"column":5}},"15":{"start":{"line":37,"column":8},"end":{"line":46,"column":9}},"16":{"start":{"line":39,"column":12},"end":{"line":39,"column":26}},"17":{"start":{"line":41,"column":12},"end":{"line":41,"column":24}},"18":{"start":{"line":43,"column":12},"end":{"line":43,"column":27}},"19":{"start":{"line":45,"column":12},"end":{"line":45,"column":26}},"20":{"start":{"line":48,"column":8},"end":{"line":59,"column":9}},"21":{"start":{"line":49,"column":12},"end":{"line":58,"column":13}},"22":{"start":{"line":51,"column":16},"end":{"line":51,"column":31}},"23":{"start":{"line":53,"column":16},"end":{"line":53,"column":30}},"24":{"start":{"line":55,"column":16},"end":{"line":55,"column":30}},"25":{"start":{"line":57,"column":16},"end":{"line":57,"column":28}}},"fnMap":{"0":{"name":"changePositionX","decl":{"start":{"line":1,"column":16},"end":{"line":1,"column":31}},"loc":{"start":{"line":1,"column":49},"end":{"line":12,"column":1}},"line":1},"1":{"name":"changePositionY","decl":{"start":{"line":13,"column":16},"end":{"line":13,"column":31}},"loc":{"start":{"line":13,"column":49},"end":{"line":24,"column":1}},"line":13},"2":{"name":"ChangeColor","decl":{"start":{"line":25,"column":16},"end":{"line":25,"column":27}},"loc":{"start":{"line":25,"column":49},"end":{"line":32,"column":1}},"line":25},"3":{"name":"ChangeDirection","decl":{"start":{"line":35,"column":16},"end":{"line":35,"column":31}},"loc":{"start":{"line":35,"column":47},"end":{"line":61,"column":1}},"line":35}},"branchMap":{"0":{"loc":{"start":{"line":2,"column":4},"end":{"line":11,"column":5}},"type":"switch","locations":[{"start":{"line":3,"column":4},"end":{"line":4,"column":20}},{"start":{"line":5,"column":4},"end":{"line":6,"column":24}},{"start":{"line":7,"column":4},"end":{"line":8,"column":20}},{"start":{"line":9,"column":4},"end":{"line":10,"column":24}}],"line":2},"1":{"loc":{"start":{"line":14,"column":4},"end":{"line":23,"column":5}},"type":"switch","locations":[{"start":{"line":15,"column":4},"end":{"line":16,"column":24}},{"start":{"line":17,"column":4},"end":{"line":18,"column":20}},{"start":{"line":19,"column":4},"end":{"line":20,"column":24}},{"start":{"line":21,"column":4},"end":{"line":22,"column":20}}],"line":14},"2":{"loc":{"start":{"line":26,"column":4},"end":{"line":30,"column":5}},"type":"if","locations":[{"start":{"line":26,"column":4},"end":{"line":30,"column":5}},{"start":{"line":28,"column":11},"end":{"line":30,"column":5}}],"line":26},"3":{"loc":{"start":{"line":36,"column":4},"end":{"line":60,"column":5}},"type":"if","locations":[{"start":{"line":36,"column":4},"end":{"line":60,"column":5}},{"start":{"line":47,"column":11},"end":{"line":60,"column":5}}],"line":36},"4":{"loc":{"start":{"line":37,"column":8},"end":{"line":46,"column":9}},"type":"switch","locations":[{"start":{"line":38,"column":8},"end":{"line":39,"column":26}},{"start":{"line":40,"column":8},"end":{"line":41,"column":24}},{"start":{"line":42,"column":8},"end":{"line":43,"column":27}},{"start":{"line":44,"column":8},"end":{"line":45,"column":26}}],"line":37},"5":{"loc":{"start":{"line":48,"column":8},"end":{"line":59,"column":9}},"type":"if","locations":[{"start":{"line":48,"column":8},"end":{"line":59,"column":9}},{"start":{},"end":{}}],"line":48},"6":{"loc":{"start":{"line":49,"column":12},"end":{"line":58,"column":13}},"type":"switch","locations":[{"start":{"line":50,"column":12},"end":{"line":51,"column":31}},{"start":{"line":52,"column":12},"end":{"line":53,"column":30}},{"start":{"line":54,"column":12},"end":{"line":55,"column":30}},{"start":{"line":56,"column":12},"end":{"line":57,"column":28}}],"line":49}},"s":{"0":6,"1":2,"2":2,"3":1,"4":1,"5":6,"6":2,"7":2,"8":1,"9":1,"10":4,"11":3,"12":1,"13":4,"14":10,"15":4,"16":1,"17":1,"18":1,"19":1,"20":6,"21":6,"22":2,"23":1,"24":1,"25":2},"f":{"0":6,"1":6,"2":4,"3":10},"b":{"0":[2,2,1,1],"1":[2,2,1,1],"2":[3,1],"3":[4,6],"4":[1,1,1,1],"5":[6,0],"6":[2,1,1,2]},"_coverageSchema":"1a1c01bbd47fc00a2c39e90264f33305004495a9","hash":"a017ea640908cb497e78735eae94cd9735ff7c7e"}
,"C:\\Users\\USUARIO\\JALA\\GIT\\AT17\\katas\\langtonant\\richard\\langtonant.js": {"path":"C:\\Users\\USUARIO\\JALA\\GIT\\AT17\\katas\\langtonant\\richard\\langtonant.js","statementMap":{"0":{"start":{"line":10,"column":15},"end":{"line":10,"column":38}},"1":{"start":{"line":11,"column":18},"end":{"line":11,"column":29}},"2":{"start":{"line":12,"column":4},"end":{"line":17,"column":5}},"3":{"start":{"line":12,"column":17},"end":{"line":12,"column":18}},"4":{"start":{"line":13,"column":8},"end":{"line":13,"column":33}},"5":{"start":{"line":14,"column":8},"end":{"line":16,"column":9}},"6":{"start":{"line":14,"column":21},"end":{"line":14,"column":22}},"7":{"start":{"line":15,"column":12},"end":{"line":15,"column":32}},"8":{"start":{"line":19,"column":24},"end":{"line":19,"column":30}},"9":{"start":{"line":20,"column":15},"end":{"line":20,"column":41}},"10":{"start":{"line":21,"column":15},"end":{"line":21,"column":41}},"11":{"start":{"line":23,"column":4},"end":{"line":40,"column":5}},"12":{"start":{"line":23,"column":17},"end":{"line":23,"column":18}},"13":{"start":{"line":26,"column":8},"end":{"line":32,"column":9}},"14":{"start":{"line":27,"column":12},"end":{"line":27,"column":68}},"15":{"start":{"line":28,"column":12},"end":{"line":28,"column":55}},"16":{"start":{"line":30,"column":12},"end":{"line":30,"column":68}},"17":{"start":{"line":31,"column":12},"end":{"line":31,"column":55}},"18":{"start":{"line":35,"column":8},"end":{"line":35,"column":52}},"19":{"start":{"line":36,"column":8},"end":{"line":36,"column":52}},"20":{"start":{"line":38,"column":8},"end":{"line":38,"column":41}},"21":{"start":{"line":39,"column":8},"end":{"line":39,"column":41}},"22":{"start":{"line":41,"column":4},"end":{"line":41,"column":19}}},"fnMap":{"0":{"name":"langtonant","decl":{"start":{"line":9,"column":16},"end":{"line":9,"column":26}},"loc":{"start":{"line":9,"column":55},"end":{"line":42,"column":1}},"line":9}},"branchMap":{"0":{"loc":{"start":{"line":26,"column":8},"end":{"line":32,"column":9}},"type":"if","locations":[{"start":{"line":26,"column":8},"end":{"line":32,"column":9}},{"start":{"line":29,"column":15},"end":{"line":32,"column":9}}],"line":26}},"s":{"0":1,"1":1,"2":1,"3":1,"4":2,"5":2,"6":2,"7":4,"8":1,"9":1,"10":1,"11":1,"12":1,"13":2,"14":0,"15":0,"16":2,"17":2,"18":2,"19":2,"20":2,"21":2,"22":1},"f":{"0":1},"b":{"0":[0,2]},"_coverageSchema":"1a1c01bbd47fc00a2c39e90264f33305004495a9","hash":"13a516b5c8903305fcb89b5b2b59d13a42dc2683"}
,"C:\\Users\\USUARIO\\JALA\\GIT\\AT17\\katas\\langtonant\\richard\\verifiers.js": {"path":"C:\\Users\\USUARIO\\JALA\\GIT\\AT17\\katas\\langtonant\\richard\\verifiers.js","statementMap":{"0":{"start":{"line":2,"column":4},"end":{"line":4,"column":5}},"1":{"start":{"line":3,"column":8},"end":{"line":3,"column":17}},"2":{"start":{"line":5,"column":4},"end":{"line":7,"column":5}},"3":{"start":{"line":6,"column":8},"end":{"line":6,"column":26}},"4":{"start":{"line":8,"column":4},"end":{"line":8,"column":17}},"5":{"start":{"line":11,"column":4},"end":{"line":15,"column":5}},"6":{"start":{"line":12,"column":8},"end":{"line":12,"column":20}},"7":{"start":{"line":14,"column":8},"end":{"line":14,"column":21}}},"fnMap":{"0":{"name":"isSquareLimit","decl":{"start":{"line":1,"column":16},"end":{"line":1,"column":29}},"loc":{"start":{"line":1,"column":43},"end":{"line":9,"column":1}},"line":1},"1":{"name":"isSquareBlack","decl":{"start":{"line":10,"column":16},"end":{"line":10,"column":29}},"loc":{"start":{"line":10,"column":51},"end":{"line":16,"column":1}},"line":10}},"branchMap":{"0":{"loc":{"start":{"line":2,"column":4},"end":{"line":4,"column":5}},"type":"if","locations":[{"start":{"line":2,"column":4},"end":{"line":4,"column":5}},{"start":{},"end":{}}],"line":2},"1":{"loc":{"start":{"line":5,"column":4},"end":{"line":7,"column":5}},"type":"if","locations":[{"start":{"line":5,"column":4},"end":{"line":7,"column":5}},{"start":{},"end":{}}],"line":5},"2":{"loc":{"start":{"line":11,"column":4},"end":{"line":15,"column":5}},"type":"if","locations":[{"start":{"line":11,"column":4},"end":{"line":15,"column":5}},{"start":{"line":13,"column":11},"end":{"line":15,"column":5}}],"line":11}},"s":{"0":7,"1":1,"2":6,"3":2,"4":4,"5":4,"6":1,"7":3},"f":{"0":7,"1":4},"b":{"0":[1,6],"1":[2,4],"2":[1,3]},"_coverageSchema":"1a1c01bbd47fc00a2c39e90264f33305004495a9","hash":"4e072293c19ce87b3dea4654ba592e1007acebf9"}
}
